This file contains any messages produced by compilers while
running configure, to aid debugging if configure makes a mistake.

It was created by armci configure 0, which was
generated by GNU Autoconf 2.69.  Invocation command line was

  $ ./configure --no-create --no-recursion

## --------- ##
## Platform. ##
## --------- ##

hostname = stewart.cc.gt.atl.ga.us
uname -m = x86_64
uname -r = 3.11.0+
uname -s = Linux
uname -v = #6 SMP Thu Nov 6 22:20:18 EST 2014

/usr/bin/uname -p = unknown
/bin/uname -X     = unknown

/bin/arch              = unknown
/usr/bin/arch -k       = unknown
/usr/convex/getsysinfo = unknown
/usr/bin/hostinfo      = unknown
/bin/machine           = unknown
/usr/bin/oslevel       = unknown
/bin/universe          = unknown

PATH: /usr/local/sbin
PATH: /usr/local/bin
PATH: /usr/sbin
PATH: /usr/bin
PATH: /sbin
PATH: /bin
PATH: /usr/games
PATH: /usr/local/games


## ----------- ##
## Core tests. ##
## ----------- ##

configure:2439: checking for a BSD-compatible install
configure:2507: result: /usr/bin/install -c
configure:2518: checking whether build environment is sane
configure:2568: result: yes
configure:2709: checking for a thread-safe mkdir -p
configure:2748: result: /bin/mkdir -p
configure:2761: checking for gawk
configure:2777: found /usr/bin/gawk
configure:2788: result: gawk
configure:2799: checking whether make sets $(MAKE)
configure:2821: result: yes
configure:2970: checking for mpicc
configure:2986: found /usr/bin/mpicc
configure:2997: result: mpicc
configure:3028: checking for C compiler version
configure:3037: mpicc --version >&5
cc (Ubuntu 4.8.2-19ubuntu1) 4.8.2
Copyright (C) 2013 Free Software Foundation, Inc.
This is free software; see the source for copying conditions.  There is NO
warranty; not even for MERCHANTABILITY or FITNESS FOR A PARTICULAR PURPOSE.

configure:3048: $? = 0
configure:3037: mpicc -v >&5
mpicc for MPICH version 3.0.4
Using built-in specs.
COLLECT_GCC=cc
COLLECT_LTO_WRAPPER=/usr/lib/gcc/x86_64-linux-gnu/4.8/lto-wrapper
Target: x86_64-linux-gnu
Configured with: ../src/configure -v --with-pkgversion='Ubuntu 4.8.2-19ubuntu1' --with-bugurl=file:///usr/share/doc/gcc-4.8/README.Bugs --enable-languages=c,c++,java,go,d,fortran,objc,obj-c++ --prefix=/usr --program-suffix=-4.8 --enable-shared --enable-linker-build-id --libexecdir=/usr/lib --without-included-gettext --enable-threads=posix --with-gxx-include-dir=/usr/include/c++/4.8 --libdir=/usr/lib --enable-nls --with-sysroot=/ --enable-clocale=gnu --enable-libstdcxx-debug --enable-libstdcxx-time=yes --enable-gnu-unique-object --disable-libmudflap --enable-plugin --with-system-zlib --disable-browser-plugin --enable-java-awt=gtk --enable-gtk-cairo --with-java-home=/usr/lib/jvm/java-1.5.0-gcj-4.8-amd64/jre --enable-java-home --with-jvm-root-dir=/usr/lib/jvm/java-1.5.0-gcj-4.8-amd64 --with-jvm-jar-dir=/usr/lib/jvm-exports/java-1.5.0-gcj-4.8-amd64 --with-arch-directory=amd64 --with-ecj-jar=/usr/share/java/eclipse-ecj.jar --enable-objc-gc --enable-multiarch --disable-werror --with-arch-32=i686 --with-abi=m64 --with-multilib-list=m32,m64,mx32 --with-tune=generic --enable-checking=release --build=x86_64-linux-gnu --host=x86_64-linux-gnu --target=x86_64-linux-gnu
Thread model: posix
gcc version 4.8.2 (Ubuntu 4.8.2-19ubuntu1) 
configure:3048: $? = 0
configure:3037: mpicc -V >&5
cc: error: unrecognized command line option '-V'
configure:3048: $? = 1
configure:3037: mpicc -qversion >&5
cc: error: unrecognized command line option '-qversion'
configure:3048: $? = 1
configure:3068: checking whether the C compiler works
configure:3090: mpicc    conftest.c  >&5
configure:3094: $? = 0
configure:3142: result: yes
configure:3145: checking for C compiler default output file name
configure:3147: result: a.out
configure:3153: checking for suffix of executables
configure:3160: mpicc -o conftest    conftest.c  >&5
configure:3164: $? = 0
configure:3186: result: 
configure:3208: checking whether we are cross compiling
configure:3216: mpicc -o conftest    conftest.c  >&5
configure:3220: $? = 0
configure:3227: ./conftest
configure:3231: $? = 0
configure:3246: result: no
configure:3251: checking for suffix of object files
configure:3273: mpicc -c   conftest.c >&5
configure:3277: $? = 0
configure:3298: result: o
configure:3302: checking whether we are using the GNU C compiler
configure:3321: mpicc -c   conftest.c >&5
configure:3321: $? = 0
configure:3330: result: yes
configure:3339: checking whether mpicc accepts -g
configure:3359: mpicc -c -g  conftest.c >&5
configure:3359: $? = 0
configure:3400: result: yes
configure:3417: checking for mpicc option to accept ISO C89
configure:3480: mpicc  -c -g -O2  conftest.c >&5
configure:3480: $? = 0
configure:3493: result: none needed
configure:3524: checking for style of include used by make
configure:3552: result: GNU
configure:3577: checking dependency style of mpicc
configure:3687: result: gcc3
configure:3731: checking build system type
configure:3745: result: x86_64-unknown-linux-gnu
configure:3765: checking host system type
configure:3778: result: x86_64-unknown-linux-gnu
configure:3798: checking for a sed that does not truncate output
configure:3862: result: /bin/sed
configure:3880: checking for grep that handles long lines and -e
configure:3938: result: /bin/grep
configure:3943: checking for egrep
configure:4005: result: /bin/grep -E
configure:4010: checking for fgrep
configure:4072: result: /bin/grep -F
configure:4107: checking for ld used by mpicc
configure:4174: result: /usr/bin/ld
configure:4181: checking if the linker (/usr/bin/ld) is GNU ld
configure:4196: result: yes
configure:4208: checking for BSD- or MS-compatible name lister (nm)
configure:4257: result: /usr/bin/nm -B
configure:4375: checking the name lister (/usr/bin/nm -B) interface
configure:4382: mpicc -c -g -O2  conftest.c >&5
configure:4385: /usr/bin/nm -B "conftest.o"
configure:4388: output
0000000000000000 B some_variable
configure:4395: result: BSD nm
configure:4398: checking whether ln -s works
configure:4402: result: yes
configure:4410: checking the maximum length of command line arguments
configure:4530: result: 3458764513820540925
configure:4547: checking whether the shell understands some XSI constructs
configure:4557: result: yes
configure:4561: checking whether the shell understands "+="
configure:4567: result: yes
configure:4602: checking for /usr/bin/ld option to reload object files
configure:4609: result: -r
configure:4678: checking for objdump
configure:4694: found /usr/bin/objdump
configure:4705: result: objdump
configure:4737: checking how to recognize dependent libraries
configure:4933: result: pass_all
configure:4993: checking for ar
configure:5009: found /usr/bin/ar
configure:5020: result: ar
configure:5098: checking for strip
configure:5114: found /usr/bin/strip
configure:5125: result: strip
configure:5197: checking for ranlib
configure:5213: found /usr/bin/ranlib
configure:5224: result: ranlib
configure:5314: checking command to parse /usr/bin/nm -B output from mpicc object
configure:5432: mpicc -c -g -O2  conftest.c >&5
configure:5435: $? = 0
configure:5439: /usr/bin/nm -B conftest.o \| sed -n -e 's/^.*[	 ]\([ABCDGIRSTW][ABCDGIRSTW]*\)[	 ][	 ]*\([_A-Za-z][_A-Za-z0-9]*\)$/\1 \2 \2/p' \> conftest.nm
configure:5442: $? = 0
configure:5496: mpicc -o conftest -g -O2   conftest.c conftstm.o >&5
configure:5499: $? = 0
configure:5537: result: ok
configure:5633: mpicc -c -g -O2  conftest.c >&5
configure:5636: $? = 0
configure:6346: checking how to run the C preprocessor
configure:6377: mpicc -E  conftest.c
configure:6377: $? = 0
configure:6391: mpicc -E  conftest.c
conftest.c:11:28: fatal error: ac_nonexistent.h: No such file or directory
 #include <ac_nonexistent.h>
                            ^
compilation terminated.
configure:6391: $? = 1
configure: failed program was:
| /* confdefs.h */
| #define PACKAGE_NAME "armci"
| #define PACKAGE_TARNAME "armci"
| #define PACKAGE_VERSION "0"
| #define PACKAGE_STRING "armci 0"
| #define PACKAGE_BUGREPORT ""
| #define PACKAGE_URL ""
| #define PACKAGE "armci"
| #define VERSION "0"
| /* end confdefs.h.  */
| #include <ac_nonexistent.h>
configure:6416: result: mpicc -E
configure:6436: mpicc -E  conftest.c
configure:6436: $? = 0
configure:6450: mpicc -E  conftest.c
conftest.c:11:28: fatal error: ac_nonexistent.h: No such file or directory
 #include <ac_nonexistent.h>
                            ^
compilation terminated.
configure:6450: $? = 1
configure: failed program was:
| /* confdefs.h */
| #define PACKAGE_NAME "armci"
| #define PACKAGE_TARNAME "armci"
| #define PACKAGE_VERSION "0"
| #define PACKAGE_STRING "armci 0"
| #define PACKAGE_BUGREPORT ""
| #define PACKAGE_URL ""
| #define PACKAGE "armci"
| #define VERSION "0"
| /* end confdefs.h.  */
| #include <ac_nonexistent.h>
configure:6479: checking for ANSI C header files
configure:6499: mpicc -c -g -O2  conftest.c >&5
configure:6499: $? = 0
configure:6572: mpicc -o conftest -g -O2   conftest.c  >&5
configure:6572: $? = 0
configure:6572: ./conftest
configure:6572: $? = 0
configure:6583: result: yes
configure:6596: checking for sys/types.h
configure:6596: mpicc -c -g -O2  conftest.c >&5
configure:6596: $? = 0
configure:6596: result: yes
configure:6596: checking for sys/stat.h
configure:6596: mpicc -c -g -O2  conftest.c >&5
configure:6596: $? = 0
configure:6596: result: yes
configure:6596: checking for stdlib.h
configure:6596: mpicc -c -g -O2  conftest.c >&5
configure:6596: $? = 0
configure:6596: result: yes
configure:6596: checking for string.h
configure:6596: mpicc -c -g -O2  conftest.c >&5
configure:6596: $? = 0
configure:6596: result: yes
configure:6596: checking for memory.h
configure:6596: mpicc -c -g -O2  conftest.c >&5
configure:6596: $? = 0
configure:6596: result: yes
configure:6596: checking for strings.h
configure:6596: mpicc -c -g -O2  conftest.c >&5
configure:6596: $? = 0
configure:6596: result: yes
configure:6596: checking for inttypes.h
configure:6596: mpicc -c -g -O2  conftest.c >&5
configure:6596: $? = 0
configure:6596: result: yes
configure:6596: checking for stdint.h
configure:6596: mpicc -c -g -O2  conftest.c >&5
configure:6596: $? = 0
configure:6596: result: yes
configure:6596: checking for unistd.h
configure:6596: mpicc -c -g -O2  conftest.c >&5
configure:6596: $? = 0
configure:6596: result: yes
configure:6610: checking for dlfcn.h
configure:6610: mpicc -c -g -O2  conftest.c >&5
configure:6610: $? = 0
configure:6610: result: yes
configure:6793: checking for objdir
configure:6808: result: .libs
configure:7104: checking if mpicc supports -fno-rtti -fno-exceptions
configure:7122: mpicc -c -g -O2  -fno-rtti -fno-exceptions conftest.c >&5
cc1: warning: command line option '-fno-rtti' is valid for C++/ObjC++ but not for C [enabled by default]
configure:7126: $? = 0
configure:7139: result: no
configure:7159: checking for mpicc option to produce PIC
configure:7431: result: -fPIC -DPIC
configure:7443: checking if mpicc PIC flag -fPIC -DPIC works
configure:7461: mpicc -c -g -O2  -fPIC -DPIC -DPIC conftest.c >&5
configure:7465: $? = 0
configure:7478: result: yes
configure:7502: checking if mpicc static flag -static works
configure:7530: result: no
configure:7545: checking if mpicc supports -c -o file.o
configure:7566: mpicc -c -g -O2  -o out/conftest2.o conftest.c >&5
configure:7570: $? = 0
configure:7592: result: yes
configure:7600: checking if mpicc supports -c -o file.o
configure:7647: result: yes
configure:7680: checking whether the mpicc linker (/usr/bin/ld -m elf_x86_64) supports shared libraries
configure:8671: result: yes
configure:8910: checking dynamic linker characteristics
configure:9343: mpicc -o conftest -g -O2   -Wl,-rpath -Wl,/foo conftest.c  >&5
configure:9343: $? = 0
configure:9573: result: GNU/Linux ld.so
configure:9675: checking how to hardcode library paths into programs
configure:9700: result: immediate
configure:10220: checking whether stripping libraries is possible
configure:10225: result: yes
configure:10260: checking if libtool supports shared libraries
configure:10262: result: yes
configure:10265: checking whether to build shared libraries
configure:10286: result: no
configure:10289: checking whether to build static libraries
configure:10293: result: yes
configure:10678: checking whether the compiler defines __func__
configure:10705: mpicc -o conftest     conftest.c  >&5
configure:10705: $? = 0
configure:10705: ./conftest
configure:10705: $? = 0
configure:10742: result: yes
configure:10751: checking whether the compiler defines __FUNC__
configure:10778: mpicc -o conftest     conftest.c  >&5
In file included from /usr/include/string.h:635:0,
                 from conftest.c:26:
conftest.c: In function 'foo':
conftest.c:30:20: error: '__FUNC__' undeclared (first use in this function)
     return (strcmp(__FUNC__, "foo") == 0);
                    ^
conftest.c:30:20: note: each undeclared identifier is reported only once for each function it appears in
configure:10778: $? = 1
configure: program exited with status 1
configure: failed program was:
| /* confdefs.h */
| #define PACKAGE_NAME "armci"
| #define PACKAGE_TARNAME "armci"
| #define PACKAGE_VERSION "0"
| #define PACKAGE_STRING "armci 0"
| #define PACKAGE_BUGREPORT ""
| #define PACKAGE_URL ""
| #define PACKAGE "armci"
| #define VERSION "0"
| #define STDC_HEADERS 1
| #define HAVE_SYS_TYPES_H 1
| #define HAVE_SYS_STAT_H 1
| #define HAVE_STDLIB_H 1
| #define HAVE_STRING_H 1
| #define HAVE_MEMORY_H 1
| #define HAVE_STRINGS_H 1
| #define HAVE_INTTYPES_H 1
| #define HAVE_STDINT_H 1
| #define HAVE_UNISTD_H 1
| #define HAVE_DLFCN_H 1
| #define LT_OBJDIR ".libs/"
| #define HAVE__FUNC__ /**/
| /* end confdefs.h.  */
| 
| 
| #include <string.h>
| int foo(void);
| int foo(void)
| {
|     return (strcmp(__FUNC__, "foo") == 0);
| }
| int main(int argc, char ** argv)
| {
|     return (foo() ? 0 : 1);
| }
| 
| 
configure:10815: result: no
configure:10824: checking whether the compiler sets __FUNCTION__
configure:10851: mpicc -o conftest     conftest.c  >&5
configure:10851: $? = 0
configure:10851: ./conftest
configure:10851: $? = 0
configure:10888: result: yes
configure:10910: checking for variable argument list macro functionality
configure:10926: mpicc -o conftest     conftest.c  >&5
configure:10926: $? = 0
configure:10930: result: yes
configure:10941: checking for an ANSI C-conforming const
configure:11007: mpicc -c    conftest.c >&5
configure:11007: $? = 0
configure:11014: result: yes
configure:11022: checking for C/C++ restrict keyword
configure:11047: mpicc -c    conftest.c >&5
configure:11047: $? = 0
configure:11055: result: __restrict
configure:11070: checking for mpicc option to accept ISO C99
configure:11219: mpicc  -c    conftest.c >&5
conftest.c: In function 'test_restrict':
conftest.c:82:3: error: 'for' loop initial declarations are only allowed in C99 mode
   for (unsigned int i = 0; *(text+i) != '\0'; ++i)
   ^
conftest.c:82:3: note: use option -std=c99 or -std=gnu99 to compile your code
conftest.c: In function 'main':
conftest.c:141:3: error: 'for' loop initial declarations are only allowed in C99 mode
   for (int i = 0; i < ia->datasize; ++i)
   ^
configure:11219: $? = 1
configure: failed program was:
| /* confdefs.h */
| #define PACKAGE_NAME "armci"
| #define PACKAGE_TARNAME "armci"
| #define PACKAGE_VERSION "0"
| #define PACKAGE_STRING "armci 0"
| #define PACKAGE_BUGREPORT ""
| #define PACKAGE_URL ""
| #define PACKAGE "armci"
| #define VERSION "0"
| #define STDC_HEADERS 1
| #define HAVE_SYS_TYPES_H 1
| #define HAVE_SYS_STAT_H 1
| #define HAVE_STDLIB_H 1
| #define HAVE_STRING_H 1
| #define HAVE_MEMORY_H 1
| #define HAVE_STRINGS_H 1
| #define HAVE_INTTYPES_H 1
| #define HAVE_STDINT_H 1
| #define HAVE_UNISTD_H 1
| #define HAVE_DLFCN_H 1
| #define LT_OBJDIR ".libs/"
| #define HAVE__FUNC__ /**/
| #define HAVE__FUNCTION__ /**/
| #define HAVE_MACRO_VA_ARGS 1
| #define restrict __restrict
| /* end confdefs.h.  */
| #include <stdarg.h>
| #include <stdbool.h>
| #include <stdlib.h>
| #include <wchar.h>
| #include <stdio.h>
| 
| // Check varargs macros.  These examples are taken from C99 6.10.3.5.
| #define debug(...) fprintf (stderr, __VA_ARGS__)
| #define showlist(...) puts (#__VA_ARGS__)
| #define report(test,...) ((test) ? puts (#test) : printf (__VA_ARGS__))
| static void
| test_varargs_macros (void)
| {
|   int x = 1234;
|   int y = 5678;
|   debug ("Flag");
|   debug ("X = %d\n", x);
|   showlist (The first, second, and third items.);
|   report (x>y, "x is %d but y is %d", x, y);
| }
| 
| // Check long long types.
| #define BIG64 18446744073709551615ull
| #define BIG32 4294967295ul
| #define BIG_OK (BIG64 / BIG32 == 4294967297ull && BIG64 % BIG32 == 0)
| #if !BIG_OK
|   your preprocessor is broken;
| #endif
| #if BIG_OK
| #else
|   your preprocessor is broken;
| #endif
| static long long int bignum = -9223372036854775807LL;
| static unsigned long long int ubignum = BIG64;
| 
| struct incomplete_array
| {
|   int datasize;
|   double data[];
| };
| 
| struct named_init {
|   int number;
|   const wchar_t *name;
|   double average;
| };
| 
| typedef const char *ccp;
| 
| static inline int
| test_restrict (ccp restrict text)
| {
|   // See if C++-style comments work.
|   // Iterate through items via the restricted pointer.
|   // Also check for declarations in for loops.
|   for (unsigned int i = 0; *(text+i) != '\0'; ++i)
|     continue;
|   return 0;
| }
| 
| // Check varargs and va_copy.
| static void
| test_varargs (const char *format, ...)
| {
|   va_list args;
|   va_start (args, format);
|   va_list args_copy;
|   va_copy (args_copy, args);
| 
|   const char *str;
|   int number;
|   float fnumber;
| 
|   while (*format)
|     {
|       switch (*format++)
| 	{
| 	case 's': // string
| 	  str = va_arg (args_copy, const char *);
| 	  break;
| 	case 'd': // int
| 	  number = va_arg (args_copy, int);
| 	  break;
| 	case 'f': // float
| 	  fnumber = va_arg (args_copy, double);
| 	  break;
| 	default:
| 	  break;
| 	}
|     }
|   va_end (args_copy);
|   va_end (args);
| }
| 
| int
| main ()
| {
| 
|   // Check bool.
|   _Bool success = false;
| 
|   // Check restrict.
|   if (test_restrict ("String literal") == 0)
|     success = true;
|   char *restrict newvar = "Another string";
| 
|   // Check varargs.
|   test_varargs ("s, d' f .", "string", 65, 34.234);
|   test_varargs_macros ();
| 
|   // Check flexible array members.
|   struct incomplete_array *ia =
|     malloc (sizeof (struct incomplete_array) + (sizeof (double) * 10));
|   ia->datasize = 10;
|   for (int i = 0; i < ia->datasize; ++i)
|     ia->data[i] = i * 1.234;
| 
|   // Check named initializers.
|   struct named_init ni = {
|     .number = 34,
|     .name = L"Test wide string",
|     .average = 543.34343,
|   };
| 
|   ni.number = 58;
| 
|   int dynamic_array[ni.number];
|   dynamic_array[ni.number - 1] = 543;
| 
|   // work around unused variable warnings
|   return (!success || bignum == 0LL || ubignum == 0uLL || newvar[0] == 'x'
| 	  || dynamic_array[ni.number - 1] != 543);
| 
|   ;
|   return 0;
| }
configure:11219: mpicc -std=gnu99 -c    conftest.c >&5
configure:11219: $? = 0
configure:11239: result: -std=gnu99
configure:11254: checking execinfo.h usability
configure:11254: mpicc -std=gnu99 -c    conftest.c >&5
configure:11254: $? = 0
configure:11254: result: yes
configure:11254: checking execinfo.h presence
configure:11254: mpicc -E  conftest.c
configure:11254: $? = 0
configure:11254: result: yes
configure:11254: checking for execinfo.h
configure:11254: result: yes
configure:11254: checking for stdint.h
configure:11254: result: yes
configure:11254: checking for inttypes.h
configure:11254: result: yes
configure:11264: checking for uint8_t
configure:11264: mpicc -std=gnu99 -c    conftest.c >&5
configure:11264: $? = 0
configure:11264: result: yes
configure:11287: checking debugging support
configure:11289: result: no
configure:11303: checking whether safety checks are enabled
configure:11305: result: yes
configure:11321: checking whether ARMCI subset-collective group formation is enabled
configure:11323: result: no
configure:11334: checking for doxygen
configure:11367: result: no
configure:11509: creating ./config.status

## ---------------- ##
## Cache variables. ##
## ---------------- ##

ac_cv_build=x86_64-unknown-linux-gnu
ac_cv_c_compiler_gnu=yes
ac_cv_c_const=yes
ac_cv_c_restrict=__restrict
ac_cv_c_uint8_t=yes
ac_cv_env_CC_set=
ac_cv_env_CC_value=
ac_cv_env_CFLAGS_set=
ac_cv_env_CFLAGS_value=
ac_cv_env_CPPFLAGS_set=
ac_cv_env_CPPFLAGS_value=
ac_cv_env_CPP_set=
ac_cv_env_CPP_value=
ac_cv_env_LDFLAGS_set=
ac_cv_env_LDFLAGS_value=
ac_cv_env_LIBS_set=
ac_cv_env_LIBS_value=
ac_cv_env_build_alias_set=
ac_cv_env_build_alias_value=
ac_cv_env_host_alias_set=
ac_cv_env_host_alias_value=
ac_cv_env_target_alias_set=
ac_cv_env_target_alias_value=
ac_cv_header_dlfcn_h=yes
ac_cv_header_execinfo_h=yes
ac_cv_header_inttypes_h=yes
ac_cv_header_memory_h=yes
ac_cv_header_stdc=yes
ac_cv_header_stdint_h=yes
ac_cv_header_stdlib_h=yes
ac_cv_header_string_h=yes
ac_cv_header_strings_h=yes
ac_cv_header_sys_stat_h=yes
ac_cv_header_sys_types_h=yes
ac_cv_header_unistd_h=yes
ac_cv_host=x86_64-unknown-linux-gnu
ac_cv_objext=o
ac_cv_path_EGREP='/bin/grep -E'
ac_cv_path_FGREP='/bin/grep -F'
ac_cv_path_GREP=/bin/grep
ac_cv_path_SED=/bin/sed
ac_cv_path_install='/usr/bin/install -c'
ac_cv_path_mkdir=/bin/mkdir
ac_cv_prog_AWK=gawk
ac_cv_prog_CPP='mpicc -E'
ac_cv_prog_ac_ct_AR=ar
ac_cv_prog_ac_ct_CC=mpicc
ac_cv_prog_ac_ct_OBJDUMP=objdump
ac_cv_prog_ac_ct_RANLIB=ranlib
ac_cv_prog_ac_ct_STRIP=strip
ac_cv_prog_cc_c89=
ac_cv_prog_cc_c99=-std=gnu99
ac_cv_prog_cc_g=yes
ac_cv_prog_make_make_set=yes
am_cv_CC_dependencies_compiler_type=gcc3
lt_cv_deplibs_check_method=pass_all
lt_cv_file_magic_cmd='$MAGIC_CMD'
lt_cv_file_magic_test_file=
lt_cv_ld_reload_flag=-r
lt_cv_nm_interface='BSD nm'
lt_cv_objdir=.libs
lt_cv_path_LD=/usr/bin/ld
lt_cv_path_NM='/usr/bin/nm -B'
lt_cv_prog_compiler_c_o=yes
lt_cv_prog_compiler_pic_works=yes
lt_cv_prog_compiler_rtti_exceptions=no
lt_cv_prog_compiler_static_works=no
lt_cv_prog_gnu_ld=yes
lt_cv_sys_global_symbol_pipe='sed -n -e '\''s/^.*[	 ]\([ABCDGIRSTW][ABCDGIRSTW]*\)[	 ][	 ]*\([_A-Za-z][_A-Za-z0-9]*\)$/\1 \2 \2/p'\'''
lt_cv_sys_global_symbol_to_c_name_address='sed -n -e '\''s/^: \([^ ]*\) $/  {\"\1\", (void *) 0},/p'\'' -e '\''s/^[ABCDGIRSTW]* \([^ ]*\) \([^ ]*\)$/  {"\2", (void *) \&\2},/p'\'''
lt_cv_sys_global_symbol_to_c_name_address_lib_prefix='sed -n -e '\''s/^: \([^ ]*\) $/  {\"\1\", (void *) 0},/p'\'' -e '\''s/^[ABCDGIRSTW]* \([^ ]*\) \(lib[^ ]*\)$/  {"\2", (void *) \&\2},/p'\'' -e '\''s/^[ABCDGIRSTW]* \([^ ]*\) \([^ ]*\)$/  {"lib\2", (void *) \&\2},/p'\'''
lt_cv_sys_global_symbol_to_cdecl='sed -n -e '\''s/^T .* \(.*\)$/extern int \1();/p'\'' -e '\''s/^[ABCDGIRSTW]* .* \(.*\)$/extern char \1;/p'\'''
lt_cv_sys_max_cmd_len=3458764513820540925
pac_cv_have__func__=yes
pac_cv_have__function__=yes
pac_cv_have_cap__func__=no

## ----------------- ##
## Output variables. ##
## ----------------- ##

ACLOCAL='${SHELL} /home/stewart/checkpoint/armci/m4/missing --run aclocal-1.11'
AMDEPBACKSLASH='\'
AMDEP_FALSE='#'
AMDEP_TRUE=''
AMTAR='${SHELL} /home/stewart/checkpoint/armci/m4/missing --run tar'
AM_BACKSLASH='\'
AM_DEFAULT_VERBOSITY='0'
AR='ar'
ARMCI_NUMVERSION='100300'
ARMCI_VERSION='0.1'
AUTOCONF='${SHELL} /home/stewart/checkpoint/armci/m4/missing --run autoconf'
AUTOHEADER='${SHELL} /home/stewart/checkpoint/armci/m4/missing --run autoheader'
AUTOMAKE='${SHELL} /home/stewart/checkpoint/armci/m4/missing --run automake-1.11'
AWK='gawk'
CC='mpicc -std=gnu99'
CCDEPMODE='depmode=gcc3'
CFLAGS=' '
CPP='mpicc -E'
CPPFLAGS=''
CYGPATH_W='echo'
DEFS='-DHAVE_CONFIG_H'
DEPDIR='.deps'
DOXYGEN=''
DSYMUTIL=''
DUMPBIN=''
ECHO_C=''
ECHO_N='-n'
ECHO_T=''
EGREP='/bin/grep -E'
EXEEXT=''
FGREP='/bin/grep -F'
GREP='/bin/grep'
INSTALL_DATA='${INSTALL} -m 644'
INSTALL_PROGRAM='${INSTALL}'
INSTALL_SCRIPT='${INSTALL}'
INSTALL_STRIP_PROGRAM='$(install_sh) -c -s'
LD='/usr/bin/ld -m elf_x86_64'
LDFLAGS=''
LIBOBJS=''
LIBS=''
LIBTOOL='$(SHELL) $(top_builddir)/libtool'
LIPO=''
LN_S='ln -s'
LTLIBOBJS=''
MAKEINFO='${SHELL} /home/stewart/checkpoint/armci/m4/missing --run makeinfo'
MKDIR_P='/bin/mkdir -p'
NM='/usr/bin/nm -B'
NMEDIT=''
OBJDUMP='objdump'
OBJEXT='o'
OTOOL64=''
OTOOL=''
PACKAGE='armci'
PACKAGE_BUGREPORT=''
PACKAGE_NAME='armci'
PACKAGE_STRING='armci 0'
PACKAGE_TARNAME='armci'
PACKAGE_URL=''
PACKAGE_VERSION='0'
PATH_SEPARATOR=':'
RANLIB='ranlib'
SED='/bin/sed'
SET_MAKE=''
SHELL='/bin/bash'
STRIP='strip'
VERSION='0'
ac_ct_CC='mpicc'
ac_ct_DUMPBIN=''
am__EXEEXT_FALSE=''
am__EXEEXT_TRUE='#'
am__fastdepCC_FALSE='#'
am__fastdepCC_TRUE=''
am__include='include'
am__isrc=''
am__leading_dot='.'
am__quote=''
am__tar='${AMTAR} chof - "$$tardir"'
am__untar='${AMTAR} xf -'
bindir='${exec_prefix}/bin'
build='x86_64-unknown-linux-gnu'
build_alias=''
build_cpu='x86_64'
build_os='linux-gnu'
build_vendor='unknown'
datadir='${datarootdir}'
datarootdir='${prefix}/share'
docdir='${datarootdir}/doc/${PACKAGE_TARNAME}'
dvidir='${docdir}'
exec_prefix='${prefix}'
host='x86_64-unknown-linux-gnu'
host_alias=''
host_cpu='x86_64'
host_os='linux-gnu'
host_vendor='unknown'
htmldir='${docdir}'
includedir='${prefix}/include'
infodir='${datarootdir}/info'
install_sh='${SHELL} /home/stewart/checkpoint/armci/m4/install-sh'
libarmci_abi_version='1:0:0'
libdir='${exec_prefix}/lib'
libexecdir='${exec_prefix}/libexec'
localedir='${datarootdir}/locale'
localstatedir='${prefix}/var'
lt_ECHO='echo'
mandir='${datarootdir}/man'
mkdir_p='/bin/mkdir -p'
oldincludedir='/usr/include'
pdfdir='${docdir}'
prefix='/usr/local'
program_transform_name='s,x,x,'
psdir='${docdir}'
sbindir='${exec_prefix}/sbin'
sharedstatedir='${prefix}/com'
sysconfdir='${prefix}/etc'
target_alias=''
top_srcdir=''

## ----------- ##
## confdefs.h. ##
## ----------- ##

/* confdefs.h */
#define PACKAGE_NAME "armci"
#define PACKAGE_TARNAME "armci"
#define PACKAGE_VERSION "0"
#define PACKAGE_STRING "armci 0"
#define PACKAGE_BUGREPORT ""
#define PACKAGE_URL ""
#define PACKAGE "armci"
#define VERSION "0"
#define STDC_HEADERS 1
#define HAVE_SYS_TYPES_H 1
#define HAVE_SYS_STAT_H 1
#define HAVE_STDLIB_H 1
#define HAVE_STRING_H 1
#define HAVE_MEMORY_H 1
#define HAVE_STRINGS_H 1
#define HAVE_INTTYPES_H 1
#define HAVE_STDINT_H 1
#define HAVE_UNISTD_H 1
#define HAVE_DLFCN_H 1
#define LT_OBJDIR ".libs/"
#define HAVE__FUNC__ /**/
#define HAVE__FUNCTION__ /**/
#define HAVE_MACRO_VA_ARGS 1
#define restrict __restrict
#define HAVE_EXECINFO_H 1
#define HAVE_STDINT_H 1
#define HAVE_INTTYPES_H 1

configure: exit 0

## ---------------------- ##
## Running config.status. ##
## ---------------------- ##

This file was extended by armci config.status 0, which was
generated by GNU Autoconf 2.69.  Invocation command line was

  CONFIG_FILES    = 
  CONFIG_HEADERS  = 
  CONFIG_LINKS    = 
  CONFIG_COMMANDS = 
  $ ./config.status 

on stewart.cc.gt.atl.ga.us

config.status:1073: creating Makefile
config.status:1073: creating src/armciconf.h
config.status:1254: src/armciconf.h is unchanged
config.status:1302: executing depfiles commands
config.status:1302: executing libtool commands
